<?xml version="1.0" encoding="UTF-8"?>
<testsuites name="Mocha Tests" time="0.0010" tests="1" failures="0">
  <testsuite name="Root Suite" timestamp="2021-03-04T23:22:02" tests="0" time="0.0000" failures="0">
  </testsuite>
  <testsuite name="String" timestamp="2021-03-04T23:22:02" tests="0" file="/Users/lucas/Projects/UDP/examples/nodejs/tests/test.js" time="0.0000" failures="0">
  </testsuite>
  <testsuite name="#indexOf" timestamp="2021-03-04T23:22:02" tests="1" file="/Users/lucas/Projects/UDP/examples/nodejs/tests/test.js" time="0.0010" failures="0">
    <testcase name="String #indexOf should return -1 when the substring is not present" time="0.0010" classname="should return -1 when the substring is not present">
    </testcase>
  </testsuite>
</testsuites>